app/build/outputs/logs/manifest-merger-debug-report.txt
-- Merging decision tree log ---
manifest
ADDED from src\main\AndroidManifest.xml:2:1-101:12
	xmlns:android
		ADDED from src\main\AndroidManifest.xml:2:11-69
	package
		ADDED from src\main\AndroidManifest.xml:3:5-39
		INJECTED from src\main\AndroidManifest.xml
		INJECTED from src\main\AndroidManifest.xml
	android:versionName
		ADDED from src\main\AndroidManifest.xml:5:5-30
	android:versionCode
		ADDED from src\main\AndroidManifest.xml:4:5-28
		INJECTED from src\main\AndroidManifest.xml
		INJECTED from src\main\AndroidManifest.xml
uses-sdk
ADDED from src\main\AndroidManifest.xml:7:5-9:41
	android:targetSdkVersion
		ADDED from src\main\AndroidManifest.xml:9:9-38
		INJECTED from src\main\AndroidManifest.xml
		INJECTED from src\main\AndroidManifest.xml
	android:minSdkVersion
		ADDED from src\main\AndroidManifest.xml:8:9-35
		INJECTED from src\main\AndroidManifest.xml
		INJECTED from src\main\AndroidManifest.xml
uses-feature#android.hardware.sensor.gyroscope
ADDED from src\main\AndroidManifest.xml:11:5-70
	android:name
		ADDED from src\main\AndroidManifest.xml:11:19-67
uses-permission#android.permission.ACCESS_FINE_LOCATION
ADDED from src\main\AndroidManifest.xml:13:5-79
	android:name
		ADDED from src\main\AndroidManifest.xml:13:22-76
uses-permission#android.permission.INTERNET
ADDED from src\main\AndroidManifest.xml:14:5-67
	android:name
		ADDED from src\main\AndroidManifest.xml:14:22-64
android:uses-permission#android.permission.WRITE_EXTERNAL_STORAGE
ADDED from src\main\AndroidManifest.xml:16:5-89
	android:name
		ADDED from src\main\AndroidManifest.xml:16:30-86
android:uses-permission#android.permission.READ_PHONE_STATE
ADDED from src\main\AndroidManifest.xml:17:5-83
	android:name
		ADDED from src\main\AndroidManifest.xml:17:30-80
android:uses-permission#android.permission.READ_EXTERNAL_STORAGE
ADDED from src\main\AndroidManifest.xml:18:5-88
	android:name
		ADDED from src\main\AndroidManifest.xml:18:30-85
uses-permission#android.permission.CAMERA
ADDED from src\main\AndroidManifest.xml:20:5-65
	android:name
		ADDED from src\main\AndroidManifest.xml:20:22-62
uses-feature#android.hardware.camera
ADDED from src\main\AndroidManifest.xml:22:5-60
	android:name
		ADDED from src\main\AndroidManifest.xml:22:19-57
uses-feature#android.hardware.camera.autofocus
ADDED from src\main\AndroidManifest.xml:23:5-70
	android:name
		ADDED from src\main\AndroidManifest.xml:23:19-67
application
ADDED from src\main\AndroidManifest.xml:25:5-99:19
	android:label
		ADDED from src\main\AndroidManifest.xml:28:9-41
	android:allowBackup
		ADDED from src\main\AndroidManifest.xml:26:9-35
	android:icon
		ADDED from src\main\AndroidManifest.xml:27:9-45
	android:theme
		ADDED from src\main\AndroidManifest.xml:29:9-40
activity#info.androidhive.project.MainActivity
ADDED from src\main\AndroidManifest.xml:30:9-38:20
	android:label
		ADDED from src\main\AndroidManifest.xml:32:13-45
	android:name
		ADDED from src\main\AndroidManifest.xml:31:13-41
intent-filter#android.intent.action.MAIN+android.intent.category.LAUNCHER
ADDED from src\main\AndroidManifest.xml:33:13-37:29
action#android.intent.action.MAIN
ADDED from src\main\AndroidManifest.xml:34:17-69
	android:name
		ADDED from src\main\AndroidManifest.xml:34:25-66
category#android.intent.category.LAUNCHER
ADDED from src\main\AndroidManifest.xml:36:17-77
	android:name
		ADDED from src\main\AndroidManifest.xml:36:27-74
activity#info.androidhive.project.Main
ADDED from src\main\AndroidManifest.xml:39:9-42:20
	android:label
		ADDED from src\main\AndroidManifest.xml:41:13-56
	android:name
		ADDED from src\main\AndroidManifest.xml:40:13-33
activity#info.androidhive.project.HomeActivity
ADDED from src\main\AndroidManifest.xml:43:9-46:20
	android:label
		ADDED from src\main\AndroidManifest.xml:45:13-56
	android:name
		ADDED from src\main\AndroidManifest.xml:44:13-41
activity#info.androidhive.project.Accelerometer
ADDED from src\main\AndroidManifest.xml:47:9-54:20
	android:label
		ADDED from src\main\AndroidManifest.xml:49:13-65
	android:parentActivityName
		ADDED from src\main\AndroidManifest.xml:50:13-55
	android:name
		ADDED from src\main\AndroidManifest.xml:48:13-42
meta-data#android.support.PARENT_ACTIVITY
ADDED from src\main\AndroidManifest.xml:51:13-53:73
	android:name
		ADDED from src\main\AndroidManifest.xml:52:17-63
	android:value
		ADDED from src\main\AndroidManifest.xml:53:17-70
activity#info.androidhive.project.Gyroscope
ADDED from src\main\AndroidManifest.xml:55:9-66:20
	android:label
		ADDED from src\main\AndroidManifest.xml:57:13-61
	android:parentActivityName
		ADDED from src\main\AndroidManifest.xml:58:13-55
	android:name
		ADDED from src\main\AndroidManifest.xml:56:13-38
uses-feature#android.hardware.sensor.accelerometer
ADDED from src\main\AndroidManifest.xml:59:13-61:43
	android:required
		ADDED from src\main\AndroidManifest.xml:61:17-40
	android:name
		ADDED from src\main\AndroidManifest.xml:60:17-69
activity#info.androidhive.project.model.AndroidGPSTrackingActivity
ADDED from src\main\AndroidManifest.xml:67:9-74:20
	android:label
		ADDED from src\main\AndroidManifest.xml:69:13-71
	android:parentActivityName
		ADDED from src\main\AndroidManifest.xml:70:13-55
	android:name
		ADDED from src\main\AndroidManifest.xml:68:13-61
activity#info.androidhive.project.AndroidGPSTrackingActivity
ADDED from src\main\AndroidManifest.xml:75:9-82:20
	android:label
		ADDED from src\main\AndroidManifest.xml:77:13-71
	android:parentActivityName
		ADDED from src\main\AndroidManifest.xml:78:13-55
	android:name
		ADDED from src\main\AndroidManifest.xml:76:13-55
activity#info.androidhive.project.VideoActivity
ADDED from src\main\AndroidManifest.xml:83:9-90:20
	android:label
		ADDED from src\main\AndroidManifest.xml:85:13-57
	android:parentActivityName
		ADDED from src\main\AndroidManifest.xml:86:13-55
	android:name
		ADDED from src\main\AndroidManifest.xml:84:13-42
activity#info.androidhive.project.GpsAndroid
ADDED from src\main\AndroidManifest.xml:91:9-98:20
	android:label
		ADDED from src\main\AndroidManifest.xml:93:13-63
	android:parentActivityName
		ADDED from src\main\AndroidManifest.xml:94:13-55
	android:name
		ADDED from src\main\AndroidManifest.xml:92:13-39